<?xml version="1.0" encoding="UTF-8"?>
<!-- Generated by org.testng.reporters.JUnitReportReporter -->
<testsuite hostname="DESKTOP-HCSN4U9" failures="0" tests="1" name="readAnotherTest.ReadAnotherTest" time="3.477" errors="0" timestamp="2022-11-01T22:06:47 IST" skipped="0">
  <testcase classname="readAnotherTest.ReadAnotherTest" name="Test" time="3.477"/>
  <system-out/>
</testsuite> <!-- readAnotherTest.ReadAnotherTest -->
