<?xml version="1.0" encoding="UTF-8"?>
<!-- Generated by org.testng.reporters.JUnitReportReporter -->
<testsuite hostname="DESKTOP-HCSN4U9" failures="0" tests="1" name="dataTable.readClass" time="1.283" errors="0" timestamp="2022-11-01T21:46:07 IST" skipped="0">
  <testcase classname="dataTable.readClass" name="readSheet" time="1.283"/>
  <system-out/>
</testsuite> <!-- dataTable.readClass -->
