<?xml version="1.0" encoding="UTF-8"?>
<!-- Generated by org.testng.reporters.JUnitReportReporter -->
<testsuite hostname="DESKTOP-HCSN4U9" failures="0" tests="1" name="readAnotherTest.CreateCellColTest" time="1.485" errors="0" timestamp="2022-11-01T22:58:19 IST" skipped="0">
  <testcase classname="readAnotherTest.CreateCellColTest" name="method" time="1.485"/>
  <system-out/>
</testsuite> <!-- readAnotherTest.CreateCellColTest -->
